#
# There is insufficient memory for the Java Runtime Environment to continue.
# Native memory allocation (malloc) failed to allocate 32784 bytes for Chunk::new
# Possible reasons:
#   The system is out of physical RAM or swap space
#   The process is running with CompressedOops enabled, and the Java Heap may be blocking the growth of the native heap
# Possible solutions:
#   Reduce memory load on the system
#   Increase physical memory or swap space
#   Check if swap backing store is full
#   Decrease Java heap size (-Xmx/-Xms)
#   Decrease number of Java threads
#
#  , pid=15328, tid=0x0000000000002964
#
# JRE version: OpenJDK Runtime Environment (8.0_212-b04) (build 1.8.0_212-release-1586-b04)
# Java VM: OpenJDK 64-Bit Server VM (25.212-b04 mixed mode windows-amd64 compressed oops)
# Failed to write core dump. Minidumps are not enabled by default on client versions of Windows
#

---------------  T H R E A D  ---------------

Current thread (0x000000001818d800):  JavaThread "C2 CompilerThread2" daemon [_thread_in_native, id=10596, stack(0x0000000018c50000,0x0000000018d50000)]

Stack: [0x0000000018c50000,0x0000000018d50000]
[error occurred during error reporting (printing stack bounds), id 0xc0000005]

Native frames: (J=compiled Java code, j=interpreted, Vv=VM code, C=native code)


Current CompileTask:
C2:  11082 3560       4       java.lang.ClassLoader::checkPackageAccess (122 bytes)


---------------  P R O C E S S  ---------------

Java Threads: ( => current thread )
  0x000000001fb1a000 JavaThread "Build operations Thread 8" [_thread_blocked, id=13992, stack(0x0000000022dd0000,0x0000000022ed0000)]
  0x000000001fb14800 JavaThread "Build operations Thread 7" [_thread_blocked, id=12516, stack(0x0000000022cd0000,0x0000000022dd0000)]
  0x000000001fb19000 JavaThread "Build operations Thread 6" [_thread_blocked, id=11616, stack(0x0000000022bd0000,0x0000000022cd0000)]
  0x000000001fb17800 JavaThread "Build operations Thread 5" [_thread_blocked, id=232, stack(0x0000000022ad0000,0x0000000022bd0000)]
  0x000000001fb1b800 JavaThread "Build operations Thread 4" [_thread_blocked, id=3776, stack(0x0000000021920000,0x0000000021a20000)]
  0x000000001fb16000 JavaThread "Build operations Thread 3" [_thread_blocked, id=2196, stack(0x0000000021560000,0x0000000021660000)]
  0x000000001fb14000 JavaThread "Build operations Thread 2" [_thread_blocked, id=15032, stack(0x0000000021460000,0x0000000021560000)]
  0x000000001fb15800 JavaThread "Build operations" [_thread_blocked, id=12476, stack(0x0000000021360000,0x0000000021460000)]
  0x000000001fb18800 JavaThread "Cache worker for execution history cache (C:\Users\hp\.gradle\caches\5.6.4\executionHistory)" [_thread_blocked, id=10244, stack(0x0000000021260000,0x0000000021360000)]
  0x000000001fb13000 JavaThread "Cache worker for cache directory md-rule (C:\Users\hp\.gradle\caches\5.6.4\md-rule)" [_thread_blocked, id=2768, stack(0x000000001f6b0000,0x000000001f7b0000)]
  0x0000000019121000 JavaThread "Cache worker for cache directory md-supplier (C:\Users\hp\.gradle\caches\5.6.4\md-supplier)" [_thread_blocked, id=10096, stack(0x000000001f410000,0x000000001f510000)]
  0x0000000019124800 JavaThread "Cache worker for file hash cache (C:\Users\hp\AndroidStudioProjects\AgeCalculator\.gradle\5.6.4\fileHashes)" [_thread_blocked, id=11848, stack(0x000000001f5b0000,0x000000001f6b0000)]
  0x0000000019122800 JavaThread "Cache worker for journal cache (C:\Users\hp\.gradle\caches\journal-1)" [_thread_blocked, id=8, stack(0x000000001cf70000,0x000000001d070000)]
  0x0000000019124000 JavaThread "File lock request listener" [_thread_in_native, id=11460, stack(0x000000001ce70000,0x000000001cf70000)]
  0x000000001911f800 JavaThread "Cache worker for file hash cache (C:\Users\hp\.gradle\caches\5.6.4\fileHashes)" [_thread_blocked, id=15968, stack(0x000000001cd70000,0x000000001ce70000)]
  0x000000001ab12800 JavaThread "Thread-9" [_thread_blocked, id=15720, stack(0x000000001ca70000,0x000000001cb70000)]
  0x000000001aad4800 JavaThread "Stdin handler" [_thread_blocked, id=11308, stack(0x000000001c970000,0x000000001ca70000)]
  0x000000001aad3000 JavaThread "Asynchronous log dispatcher for DefaultDaemonConnection: socket connection from /127.0.0.1:51464 to /127.0.0.1:51465" [_thread_blocked, id=2360, stack(0x000000001c770000,0x000000001c870000)]
  0x000000001ab1f000 JavaThread "Daemon worker" [_thread_in_native, id=11320, stack(0x000000001c670000,0x000000001c770000)]
  0x000000001ab1d000 JavaThread "Cancel handler" [_thread_blocked, id=9568, stack(0x000000001c570000,0x000000001c670000)]
  0x000000001a81a000 JavaThread "Handler for socket connection from /127.0.0.1:51464 to /127.0.0.1:51465" [_thread_in_native, id=12948, stack(0x000000001c270000,0x000000001c370000)]
  0x000000001aab7000 JavaThread "Daemon" [_thread_blocked, id=3292, stack(0x000000001c170000,0x000000001c270000)]
  0x000000001aa57000 JavaThread "Daemon periodic checks" [_thread_blocked, id=11592, stack(0x000000001c070000,0x000000001c170000)]
  0x000000001aa55000 JavaThread "Incoming local TCP Connector on port 51464" [_thread_in_native, id=15228, stack(0x000000001be30000,0x000000001bf30000)]
  0x0000000018546000 JavaThread "Daemon health stats" [_thread_blocked, id=1332, stack(0x000000001b7f0000,0x000000001b8f0000)]
  0x0000000018216000 JavaThread "Service Thread" daemon [_thread_blocked, id=2132, stack(0x0000000018e50000,0x0000000018f50000)]
  0x0000000018191800 JavaThread "C1 CompilerThread3" daemon [_thread_blocked, id=7776, stack(0x0000000018d50000,0x0000000018e50000)]
=>0x000000001818d800 JavaThread "C2 CompilerThread2" daemon [_thread_in_native, id=10596, stack(0x0000000018c50000,0x0000000018d50000)]
  0x0000000018180000 JavaThread "C2 CompilerThread1" daemon [_thread_blocked, id=7772, stack(0x0000000018b50000,0x0000000018c50000)]
  0x000000001817c000 JavaThread "C2 CompilerThread0" daemon [_thread_blocked, id=10052, stack(0x0000000018a50000,0x0000000018b50000)]
  0x000000001817a800 JavaThread "Attach Listener" daemon [_thread_blocked, id=15668, stack(0x0000000018950000,0x0000000018a50000)]
  0x000000001817a000 JavaThread "Signal Dispatcher" daemon [_thread_blocked, id=12800, stack(0x0000000018850000,0x0000000018950000)]
  0x00000000025ad800 JavaThread "Finalizer" daemon [_thread_blocked, id=3792, stack(0x0000000018650000,0x0000000018750000)]
  0x000000001636c800 JavaThread "Reference Handler" daemon [_thread_blocked, id=15044, stack(0x0000000018550000,0x0000000018650000)]
  0x00000000024ad800 JavaThread "main" [_thread_blocked, id=9632, stack(0x0000000002310000,0x0000000002410000)]

Other Threads:
  0x0000000016367800 VMThread [stack: 0x0000000018050000,0x0000000018150000] [id=5760]
  0x0000000018216800 WatcherThread [stack: 0x0000000018f50000,0x0000000019050000] [id=9460]

VM state:not at safepoint (normal execution)

VM Mutex/Monitor currently owned by a thread: None

heap address: 0x00000000a0000000, size: 1536 MB, Compressed Oops mode: 32-bit
Narrow klass base: 0x0000000000000000, Narrow klass shift: 3
Compressed class space size: 1073741824 Address: 0x0000000100000000

Heap:
 PSYoungGen      total 115200K, used 42376K [0x00000000e0000000, 0x00000000ea080000, 0x0000000100000000)
  eden space 103424K, 40% used [0x00000000e0000000,0x00000000e29621e0,0x00000000e6500000)
  from space 11776K, 0% used [0x00000000e6500000,0x00000000e6500000,0x00000000e7080000)
  to   space 12288K, 0% used [0x00000000e9480000,0x00000000e9480000,0x00000000ea080000)
 ParOldGen       total 93184K, used 16993K [0x00000000a0000000, 0x00000000a5b00000, 0x00000000e0000000)
  object space 93184K, 18% used [0x00000000a0000000,0x00000000a10987b8,0x00000000a5b00000)
 Metaspace       used 40030K, capacity 40978K, committed 41344K, reserved 1085440K
  class space    used 5419K, capacity 5697K, committed 5760K, reserved 1048576K

Card table byte_map: [0x0000000011970000,0x0000000011c80000] byte_map_base: 0x0000000011470000

Marking Bits: (ParMarkBitMap*) 0x0000000062fd9f30
 Begin Bits: [0x0000000012680000, 0x0000000013e80000)
 End Bits:   [0x0000000013e80000, 0x0000000015680000)

Polling page: 0x0000000000680000

CodeCache: size=245760Kb used=11671Kb max_used=11685Kb free=234089Kb
 bounds [0x00000000025b0000, 0x0000000003130000, 0x00000000115b0000]
 total_blobs=4087 nmethods=3349 adapters=651
 compilation: enabled

Compilation events (10 events):
Event: 11.030 Thread 0x000000001817c000 3559   !   4       java.util.concurrent.ConcurrentHashMap::putVal (362 bytes)
Event: 11.030 Thread 0x0000000018191800 nmethod 3557 0x0000000003119750 code [0x00000000031198c0, 0x0000000003119a88]
Event: 11.041 Thread 0x000000001818d800 3560       4       java.lang.ClassLoader::checkPackageAccess (122 bytes)
Event: 11.041 Thread 0x0000000018191800 3561       1       java.lang.invoke.InnerClassLambdaMetafactory::access$200 (5 bytes)
Event: 11.041 Thread 0x0000000018191800 nmethod 3561 0x0000000003119b10 code [0x0000000003119c60, 0x0000000003119d50]
Event: 11.050 Thread 0x0000000018180000 3562       4       java.util.concurrent.atomic.AtomicReferenceArray::get (10 bytes)
Event: 11.050 Thread 0x0000000018191800 3563       3       com.google.common.collect.MapMakerInternalMap$Segment::copyEntry (19 bytes)
Event: 11.050 Thread 0x0000000018191800 nmethod 3563 0x0000000003119fd0 code [0x000000000311a140, 0x000000000311a438]
Event: 11.051 Thread 0x0000000018180000 nmethod 3562 0x000000000311d210 code [0x000000000311d340, 0x000000000311d3f8]
Event: 11.053 Thread 0x000000001817c000 nmethod 3559 0x000000000311f990 code [0x000000000311fb40, 0x0000000003120890]

GC Heap History (10 events):
Event: 5.449 GC heap before
{Heap before GC invocations=7 (full 1):
 PSYoungGen      total 76800K, used 8748K [0x00000000e0000000, 0x00000000e5700000, 0x0000000100000000)
  eden space 66048K, 0% used [0x00000000e0000000,0x00000000e0000000,0x00000000e4080000)
  from space 10752K, 81% used [0x00000000e4b80000,0x00000000e540b128,0x00000000e5600000)
  to   space 11264K, 0% used [0x00000000e4080000,0x00000000e4080000,0x00000000e4b80000)
 ParOldGen       total 87552K, used 7711K [0x00000000a0000000, 0x00000000a5580000, 0x00000000e0000000)
  object space 87552K, 8% used [0x00000000a0000000,0x00000000a0787e20,0x00000000a5580000)
 Metaspace       used 20737K, capacity 21186K, committed 21296K, reserved 1067008K
  class space    used 2996K, capacity 3161K, committed 3200K, reserved 1048576K
Event: 5.496 GC heap after
Heap after GC invocations=7 (full 1):
 PSYoungGen      total 76800K, used 0K [0x00000000e0000000, 0x00000000e5700000, 0x0000000100000000)
  eden space 66048K, 0% used [0x00000000e0000000,0x00000000e0000000,0x00000000e4080000)
  from space 10752K, 0% used [0x00000000e4b80000,0x00000000e4b80000,0x00000000e5600000)
  to   space 11264K, 0% used [0x00000000e4080000,0x00000000e4080000,0x00000000e4b80000)
 ParOldGen       total 60928K, used 9394K [0x00000000a0000000, 0x00000000a3b80000, 0x00000000e0000000)
  object space 60928K, 15% used [0x00000000a0000000,0x00000000a092ca38,0x00000000a3b80000)
 Metaspace       used 20737K, capacity 21186K, committed 21296K, reserved 1067008K
  class space    used 2996K, capacity 3161K, committed 3200K, reserved 1048576K
}
Event: 6.839 GC heap before
{Heap before GC invocations=8 (full 1):
 PSYoungGen      total 76800K, used 66048K [0x00000000e0000000, 0x00000000e5700000, 0x0000000100000000)
  eden space 66048K, 100% used [0x00000000e0000000,0x00000000e4080000,0x00000000e4080000)
  from space 10752K, 0% used [0x00000000e4b80000,0x00000000e4b80000,0x00000000e5600000)
  to   space 11264K, 0% used [0x00000000e4080000,0x00000000e4080000,0x00000000e4b80000)
 ParOldGen       total 60928K, used 9394K [0x00000000a0000000, 0x00000000a3b80000, 0x00000000e0000000)
  object space 60928K, 15% used [0x00000000a0000000,0x00000000a092ca38,0x00000000a3b80000)
 Metaspace       used 29158K, capacity 29694K, committed 30080K, reserved 1075200K
  class space    used 3929K, capacity 4133K, committed 4224K, reserved 1048576K
Event: 6.849 GC heap after
Heap after GC invocations=8 (full 1):
 PSYoungGen      total 77312K, used 8115K [0x00000000e0000000, 0x00000000e7b80000, 0x0000000100000000)
  eden space 66048K, 0% used [0x00000000e0000000,0x00000000e0000000,0x00000000e4080000)
  from space 11264K, 72% used [0x00000000e4080000,0x00000000e486cdd8,0x00000000e4b80000)
  to   space 11264K, 0% used [0x00000000e7080000,0x00000000e7080000,0x00000000e7b80000)
 ParOldGen       total 60928K, used 9402K [0x00000000a0000000, 0x00000000a3b80000, 0x00000000e0000000)
  object space 60928K, 15% used [0x00000000a0000000,0x00000000a092ea38,0x00000000a3b80000)
 Metaspace       used 29158K, capacity 29694K, committed 30080K, reserved 1075200K
  class space    used 3929K, capacity 4133K, committed 4224K, reserved 1048576K
}
Event: 7.722 GC heap before
{Heap before GC invocations=9 (full 1):
 PSYoungGen      total 77312K, used 74163K [0x00000000e0000000, 0x00000000e7b80000, 0x0000000100000000)
  eden space 66048K, 100% used [0x00000000e0000000,0x00000000e4080000,0x00000000e4080000)
  from space 11264K, 72% used [0x00000000e4080000,0x00000000e486cdd8,0x00000000e4b80000)
  to   space 11264K, 0% used [0x00000000e7080000,0x00000000e7080000,0x00000000e7b80000)
 ParOldGen       total 60928K, used 9402K [0x00000000a0000000, 0x00000000a3b80000, 0x00000000e0000000)
  object space 60928K, 15% used [0x00000000a0000000,0x00000000a092ea38,0x00000000a3b80000)
 Metaspace       used 32050K, capacity 32604K, committed 32768K, reserved 1077248K
  class space    used 4391K, capacity 4591K, committed 4608K, reserved 1048576K
Event: 7.734 GC heap after
Heap after GC invocations=9 (full 1):
 PSYoungGen      total 114688K, used 8213K [0x00000000e0000000, 0x00000000e7d80000, 0x0000000100000000)
  eden space 103424K, 0% used [0x00000000e0000000,0x00000000e0000000,0x00000000e6500000)
  from space 11264K, 72% used [0x00000000e7080000,0x00000000e7885580,0x00000000e7b80000)
  to   space 11776K, 0% used [0x00000000e6500000,0x00000000e6500000,0x00000000e7080000)
 ParOldGen       total 60928K, used 9410K [0x00000000a0000000, 0x00000000a3b80000, 0x00000000e0000000)
  object space 60928K, 15% used [0x00000000a0000000,0x00000000a0930a38,0x00000000a3b80000)
 Metaspace       used 32050K, capacity 32604K, committed 32768K, reserved 1077248K
  class space    used 4391K, capacity 4591K, committed 4608K, reserved 1048576K
}
Event: 9.138 GC heap before
{Heap before GC invocations=10 (full 1):
 PSYoungGen      total 114688K, used 71642K [0x00000000e0000000, 0x00000000e7d80000, 0x0000000100000000)
  eden space 103424K, 61% used [0x00000000e0000000,0x00000000e3df1398,0x00000000e6500000)
  from space 11264K, 72% used [0x00000000e7080000,0x00000000e7885580,0x00000000e7b80000)
  to   space 11776K, 0% used [0x00000000e6500000,0x00000000e6500000,0x00000000e7080000)
 ParOldGen       total 60928K, used 9410K [0x00000000a0000000, 0x00000000a3b80000, 0x00000000e0000000)
  object space 60928K, 15% used [0x00000000a0000000,0x00000000a0930a38,0x00000000a3b80000)
 Metaspace       used 34625K, capacity 35400K, committed 35456K, reserved 1079296K
  class space    used 4755K, capacity 4967K, committed 4992K, reserved 1048576K
Event: 9.162 GC heap after
Heap after GC invocations=10 (full 1):
 PSYoungGen      total 115200K, used 10168K [0x00000000e0000000, 0x00000000ea080000, 0x0000000100000000)
  eden space 103424K, 0% used [0x00000000e0000000,0x00000000e0000000,0x00000000e6500000)
  from space 11776K, 86% used [0x00000000e6500000,0x00000000e6eee2c8,0x00000000e7080000)
  to   space 12288K, 0% used [0x00000000e9480000,0x00000000e9480000,0x00000000ea080000)
 ParOldGen       total 60928K, used 9418K [0x00000000a0000000, 0x00000000a3b80000, 0x00000000e0000000)
  object space 60928K, 15% used [0x00000000a0000000,0x00000000a0932a38,0x00000000a3b80000)
 Metaspace       used 34625K, capacity 35400K, committed 35456K, reserved 1079296K
  class space    used 4755K, capacity 4967K, committed 4992K, reserved 1048576K
}
Event: 9.162 GC heap before
{Heap before GC invocations=11 (full 2):
 PSYoungGen      total 115200K, used 10168K [0x00000000e0000000, 0x00000000ea080000, 0x0000000100000000)
  eden space 103424K, 0% used [0x00000000e0000000,0x00000000e0000000,0x00000000e6500000)
  from space 11776K, 86% used [0x00000000e6500000,0x00000000e6eee2c8,0x00000000e7080000)
  to   space 12288K, 0% used [0x00000000e9480000,0x00000000e9480000,0x00000000ea080000)
 ParOldGen       total 60928K, used 9418K [0x00000000a0000000, 0x00000000a3b80000, 0x00000000e0000000)
  object space 60928K, 15% used [0x00000000a0000000,0x00000000a0932a38,0x00000000a3b80000)
 Metaspace       used 34625K, capacity 35400K, committed 35456K, reserved 1079296K
  class space    used 4755K, capacity 4967K, committed 4992K, reserved 1048576K
Event: 9.237 GC heap after
Heap after GC invocations=11 (full 2):
 PSYoungGen      total 115200K, used 0K [0x00000000e0000000, 0x00000000ea080000, 0x0000000100000000)
  eden space 103424K, 0% used [0x00000000e0000000,0x00000000e0000000,0x00000000e6500000)
  from space 11776K, 0% used [0x00000000e6500000,0x00000000e6500000,0x00000000e7080000)
  to   space 12288K, 0% used [0x00000000e9480000,0x00000000e9480000,0x00000000ea080000)
 ParOldGen       total 93184K, used 16993K [0x00000000a0000000, 0x00000000a5b00000, 0x00000000e0000000)
  object space 93184K, 18% used [0x00000000a0000000,0x00000000a10987b8,0x00000000a5b00000)
 Metaspace       used 34608K, capacity 35340K, committed 35456K, reserved 1079296K
  class space    used 4749K, capacity 4957K, committed 4992K, reserved 1048576K
}

Deoptimization events (10 events):
Event: 9.070 Thread 0x000000001ab1f000 Uncommon trap: reason=unstable_if action=reinterpret pc=0x0000000002a450e0 method=java.util.WeakHashMap.expungeStaleEntries()V @ 66
Event: 9.097 Thread 0x000000001ab1f000 Uncommon trap: reason=bimorphic action=maybe_recompile pc=0x0000000002dd4cdc method=java.util.AbstractCollection.addAll(Ljava/util/Collection;)Z @ 29
Event: 9.250 Thread 0x00000000025ad800 Uncommon trap: reason=unstable_if action=reinterpret pc=0x0000000002b32424 method=java.lang.ref.Finalizer.remove()V @ 10
Event: 9.258 Thread 0x000000001ab1f000 Uncommon trap: reason=range_check action=make_not_entrant pc=0x0000000002f32e48 method=java.lang.String.charAt(I)C @ 27
Event: 9.490 Thread 0x000000001ab1f000 Uncommon trap: reason=bimorphic action=maybe_recompile pc=0x0000000002dd4cdc method=java.util.AbstractCollection.addAll(Ljava/util/Collection;)Z @ 29
Event: 10.154 Thread 0x000000001ab1f000 Uncommon trap: reason=unstable_if action=reinterpret pc=0x0000000002be6430 method=java.io.BufferedInputStream.read([BII)I @ 56
Event: 10.163 Thread 0x000000001ab1f000 Uncommon trap: reason=unstable_if action=reinterpret pc=0x000000000285c1d0 method=java.util.regex.Pattern.has(I)Z @ 6
Event: 10.260 Thread 0x000000001ab1f000 Uncommon trap: reason=bimorphic action=maybe_recompile pc=0x0000000002dd4cdc method=java.util.AbstractCollection.addAll(Ljava/util/Collection;)Z @ 29
Event: 10.425 Thread 0x000000001ab1f000 Uncommon trap: reason=predicate action=maybe_recompile pc=0x00000000030b6008 method=java.util.Arrays.binarySearch0([Ljava/lang/Object;IILjava/lang/Object;Ljava/util/Comparator;)I @ 28
Event: 10.547 Thread 0x000000001ab1f000 Uncommon trap: reason=unstable_if action=reinterpret pc=0x0000000002c7411c method=sun.misc.MetaIndex.mayContain(Ljava/lang/String;)Z @ 38

Classes redefined (0 events):
No events

Internal exceptions (10 events):
Event: 9.436 Thread 0x000000001ab1f000 Exception <a 'java/lang/ClassNotFoundException': org/gradle/api/internal/AbstractTaskBeanInfo> (0x00000000e03ce2c8) thrown at [D:\src\AOSP-openjdk-cygwin\jdk8u\hotspot\src\share\vm\classfile\systemDictionary.cpp, line 210]
Event: 9.441 Thread 0x000000001ab1f000 Exception <a 'java/lang/ClassNotFoundException': org/gradle/api/internal/AbstractTaskCustomizer> (0x00000000e04011b8) thrown at [D:\src\AOSP-openjdk-cygwin\jdk8u\hotspot\src\share\vm\classfile\systemDictionary.cpp, line 210]
Event: 9.445 Thread 0x000000001ab1f000 Exception <a 'java/lang/ClassNotFoundException': org/gradle/api/DefaultTaskCustomizer> (0x00000000e048cb90) thrown at [D:\src\AOSP-openjdk-cygwin\jdk8u\hotspot\src\share\vm\classfile\systemDictionary.cpp, line 210]
Event: 9.447 Thread 0x000000001ab1f000 Exception <a 'java/lang/ClassNotFoundException': org/gradle/api/internal/ConventionTaskCustomizer> (0x00000000e04cf1d0) thrown at [D:\src\AOSP-openjdk-cygwin\jdk8u\hotspot\src\share\vm\classfile\systemDictionary.cpp, line 210]
Event: 9.449 Thread 0x000000001ab1f000 Exception <a 'java/lang/ClassNotFoundException': org/gradle/api/tasks/DeleteCustomizer> (0x00000000e050e1e0) thrown at [D:\src\AOSP-openjdk-cygwin\jdk8u\hotspot\src\share\vm\classfile\systemDictionary.cpp, line 210]
Event: 9.465 Thread 0x000000001ab1f000 Exception <a 'java/lang/ClassNotFoundException': org/gradle/api/tasks/Delete_DecoratedCustomizer> (0x00000000e055acf8) thrown at [D:\src\AOSP-openjdk-cygwin\jdk8u\hotspot\src\share\vm\classfile\systemDictionary.cpp, line 210]
Event: 9.548 Thread 0x000000001ab1f000 Exception <a 'java/lang/ClassNotFoundException': build_brpdg1ivuwr1xhvonnl7upy3cBeanInfo> (0x00000000e0665e20) thrown at [D:\src\AOSP-openjdk-cygwin\jdk8u\hotspot\src\share\vm\classfile\systemDictionary.cpp, line 210]
Event: 9.549 Thread 0x000000001ab1f000 Exception <a 'java/lang/ClassNotFoundException': build_brpdg1ivuwr1xhvonnl7upy3cCustomizer> (0x00000000e06727f0) thrown at [D:\src\AOSP-openjdk-cygwin\jdk8u\hotspot\src\share\vm\classfile\systemDictionary.cpp, line 210]
Event: 9.555 Thread 0x000000001ab1f000 Exception <a 'java/lang/ClassNotFoundException': org/gradle/api/internal/plugins/DefaultObjectConfigurationActionBeanInfo> (0x00000000e06e8cf8) thrown at [D:\src\AOSP-openjdk-cygwin\jdk8u\hotspot\src\share\vm\classfile\systemDictionary.cpp, line 210]
Event: 9.556 Thread 0x000000001ab1f000 Exception <a 'java/lang/ClassNotFoundException': org/gradle/api/internal/plugins/DefaultObjectConfigurationActionCustomizer> (0x00000000e072bb58) thrown at [D:\src\AOSP-openjdk-cygwin\jdk8u\hotspot\src\share\vm\classfile\systemDictionary.cpp, line 210]

Events (10 events):
Event: 11.049 loading class kotlin/jvm/functions/Function4
Event: 11.049 loading class kotlin/jvm/functions/Function4 done
Event: 11.050 loading class com/android/build/gradle/internal/tasks/Workers$initFromProject$1
Event: 11.050 loading class com/android/build/gradle/internal/tasks/Workers$initFromProject$1 done
Event: 11.051 loading class com/google/common/cache/LocalCache$LoadingValueReference
Event: 11.051 loading class com/google/common/cache/LocalCache$LoadingValueReference done
Event: 11.053 loading class com/google/common/util/concurrent/ListenableFuture
Event: 11.053 loading class com/google/common/util/concurrent/ListenableFuture done
Event: 11.055 loading class com/google/common/util/concurrent/SettableFuture
Event: 11.055 loading class com/google/common/util/concurrent/SettableFuture done


Dynamic libraries:
0x00007ff6b9d20000 - 0x00007ff6b9d51000 	C:\Program Files\Android\Android Studio\jre\bin\java.exe
0x00007ff847560000 - 0x00007ff847750000 	C:\windows\SYSTEM32\ntdll.dll
0x00007ff845ac0000 - 0x00007ff845b72000 	C:\windows\System32\KERNEL32.DLL
0x00007ff844960000 - 0x00007ff844c04000 	C:\windows\System32\KERNELBASE.dll
0x00007ff846500000 - 0x00007ff8465a3000 	C:\windows\System32\ADVAPI32.dll
0x00007ff845d20000 - 0x00007ff845dbe000 	C:\windows\System32\msvcrt.dll
0x00007ff846630000 - 0x00007ff8466c7000 	C:\windows\System32\sechost.dll
0x00007ff845930000 - 0x00007ff845a50000 	C:\windows\System32\RPCRT4.dll
0x00007ff845750000 - 0x00007ff8458e4000 	C:\windows\System32\USER32.dll
0x00007ff845430000 - 0x00007ff845451000 	C:\windows\System32\win32u.dll
0x00007ff8458f0000 - 0x00007ff845916000 	C:\windows\System32\GDI32.dll
0x00007ff844720000 - 0x00007ff8448b4000 	C:\windows\System32\gdi32full.dll
0x00007ff845390000 - 0x00007ff84542e000 	C:\windows\System32\msvcp_win.dll
0x00007ff8444f0000 - 0x00007ff8445ea000 	C:\windows\System32\ucrtbase.dll
0x00007ff82ae10000 - 0x00007ff82b094000 	C:\windows\WinSxS\amd64_microsoft.windows.common-controls_6595b64144ccf1df_6.0.18362.815_none_e6c3b941130ffef4\COMCTL32.dll
0x00007ff8470a0000 - 0x00007ff8473d6000 	C:\windows\System32\combase.dll
0x00007ff8445f0000 - 0x00007ff844670000 	C:\windows\System32\bcryptPrimitives.dll
0x00007ff845ba0000 - 0x00007ff845bce000 	C:\windows\System32\IMM32.DLL
0x0000000062510000 - 0x00000000625e2000 	C:\Program Files\Android\Android Studio\jre\jre\bin\msvcr100.dll
0x0000000062810000 - 0x0000000063056000 	C:\Program Files\Android\Android Studio\jre\jre\bin\server\jvm.dll
0x00007ff847510000 - 0x00007ff847518000 	C:\windows\System32\PSAPI.DLL
0x00007ff8421e0000 - 0x00007ff8421e9000 	C:\windows\SYSTEM32\WSOCK32.dll
0x00007ff83e510000 - 0x00007ff83e51a000 	C:\windows\SYSTEM32\VERSION.dll
0x00007ff841ba0000 - 0x00007ff841bc4000 	C:\windows\SYSTEM32\WINMM.dll
0x00007ff8466d0000 - 0x00007ff84673f000 	C:\windows\System32\WS2_32.dll
0x00007ff841b70000 - 0x00007ff841b9d000 	C:\windows\SYSTEM32\WINMMBASE.dll
0x00007ff844910000 - 0x00007ff84495a000 	C:\windows\System32\cfgmgr32.dll
0x00007ff8421d0000 - 0x00007ff8421df000 	C:\Program Files\Android\Android Studio\jre\jre\bin\verify.dll
0x00007ff83d1b0000 - 0x00007ff83d1d9000 	C:\Program Files\Android\Android Studio\jre\jre\bin\java.dll
0x00007ff83fa20000 - 0x00007ff83fa36000 	C:\Program Files\Android\Android Studio\jre\jre\bin\zip.dll
0x00007ff846740000 - 0x00007ff846e24000 	C:\windows\System32\SHELL32.dll
0x00007ff846450000 - 0x00007ff8464f9000 	C:\windows\System32\shcore.dll
0x00007ff844c10000 - 0x00007ff84538d000 	C:\windows\System32\windows.storage.dll
0x00007ff8444c0000 - 0x00007ff8444e3000 	C:\windows\System32\profapi.dll
0x00007ff844430000 - 0x00007ff84447a000 	C:\windows\System32\powrprof.dll
0x00007ff844420000 - 0x00007ff844430000 	C:\windows\System32\UMPDC.dll
0x00007ff8473e0000 - 0x00007ff847432000 	C:\windows\System32\shlwapi.dll
0x00007ff844480000 - 0x00007ff844491000 	C:\windows\System32\kernel.appcore.dll
0x00007ff8448c0000 - 0x00007ff8448d7000 	C:\windows\System32\cryptsp.dll
0x00007ff83d240000 - 0x00007ff83d25a000 	C:\Program Files\Android\Android Studio\jre\jre\bin\net.dll
0x00007ff82d4e0000 - 0x00007ff82d6b6000 	C:\windows\SYSTEM32\urlmon.dll
0x00007ff82e060000 - 0x00007ff82e306000 	C:\windows\SYSTEM32\iertutil.dll
0x00007ff843e00000 - 0x00007ff843e0c000 	C:\windows\SYSTEM32\CRYPTBASE.DLL
0x00007ff843c30000 - 0x00007ff843c97000 	C:\windows\system32\mswsock.dll
0x00007ff83d190000 - 0x00007ff83d1a3000 	C:\Program Files\Android\Android Studio\jre\jre\bin\nio.dll
0x00007ff8383d0000 - 0x00007ff8383f6000 	C:\Users\hp\.gradle\native\30\windows-amd64\native-platform.dll
0x00007ff842160000 - 0x00007ff84216d000 	C:\Program Files\Android\Android Studio\jre\jre\bin\management.dll
0x00007ff8437a0000 - 0x00007ff8437d3000 	C:\windows\system32\rsaenh.dll
0x00007ff8448e0000 - 0x00007ff844906000 	C:\windows\System32\bcrypt.dll
0x00007ff844340000 - 0x00007ff844365000 	C:\windows\SYSTEM32\USERENV.dll
0x00007ff843940000 - 0x00007ff84397a000 	C:\windows\SYSTEM32\IPHLPAPI.DLL
0x00007ff845920000 - 0x00007ff845928000 	C:\windows\System32\NSI.dll
0x00007ff83b980000 - 0x00007ff83b996000 	C:\windows\SYSTEM32\dhcpcsvc6.DLL
0x00007ff83bc10000 - 0x00007ff83bc2c000 	C:\windows\SYSTEM32\dhcpcsvc.DLL
0x00007ff843980000 - 0x00007ff843a4b000 	C:\windows\SYSTEM32\DNSAPI.dll

VM Arguments:
jvm_args: -Xmx1536m -Dfile.encoding=windows-1252 -Duser.country=IN -Duser.language=en -Duser.variant 
java_command: org.gradle.launcher.daemon.bootstrap.GradleDaemon 5.6.4
java_class_path (initial): C:\Users\hp\.gradle\wrapper\dists\gradle-5.6.4-all\ankdp27end7byghfw1q2sw75f\gradle-5.6.4\lib\gradle-launcher-5.6.4.jar
Launcher Type: SUN_STANDARD

Environment Variables:
PATH=C:\Program Files (x86)\Common Files\Oracle\Java\javapath;C:\ProgramData\Oracle\Java\javapath;C:\windows\system32;C:\windows;C:\windows\System32\Wbem;C:\windows\System32\WindowsPowerShell\v1.0\;C:\windows\System32\OpenSSH\;C:\MinGW\bin;C:\Program Files\Git\cmd;C:\Users\hp\AppData\Local\Programs\Python\Python37-32\Scripts\;C:\Users\hp\AppData\Local\Programs\Python\Python37-32\;C:\Users\hp\AppData\Local\Microsoft\WindowsApps;C:\Microsoft VS Code\bin;C:\Users\hp\Anaconda3\Library\bin\conda.bat;C:\Users\hp\Anaconda3\Scripts\conda.exe;
USERNAME=hp
OS=Windows_NT
PROCESSOR_IDENTIFIER=Intel64 Family 6 Model 142 Stepping 12, GenuineIntel



---------------  S Y S T E M  ---------------

OS: Windows 10.0 , 64 bit Build 18362 (10.0.18362.778)

CPU:total 8 (initial active 8) (4 cores per cpu, 2 threads per core) family 6 model 142 stepping 12, cmov, cx8, fxsr, mmx, sse, sse2, sse3, ssse3, sse4.1, sse4.2, popcnt, avx, avx2, aes, clmul, erms, 3dnowpref, lzcnt, ht, tsc, tscinvbit, bmi1, bmi2, adx

Memory: 4k page, physical 8272180k(305276k free), swap 33438004k(0k free)

vm_info: OpenJDK 64-Bit Server VM (25.212-b04) for windows-amd64 JRE (1.8.0_212-release-1586-b04), built by "builder" with MS VC++ 10.0 (VS2010)

time: Fri May 01 18:00:39 2020
timezone: India Standard Time
elapsed time: 11 seconds (0d 0h 0m 11s)

