#
# There is insufficient memory for the Java Runtime Environment to continue.
# Native memory allocation (malloc) failed to allocate 414096 bytes for Chunk::new
# Possible reasons:
#   The system is out of physical RAM or swap space
#   The process is running with CompressedOops enabled, and the Java Heap may be blocking the growth of the native heap
# Possible solutions:
#   Reduce memory load on the system
#   Increase physical memory or swap space
#   Check if swap backing store is full
#   Decrease Java heap size (-Xmx/-Xms)
#   Decrease number of Java threads
#   Decrease Java thread stack sizes (-Xss)
#   Set larger code cache with -XX:ReservedCodeCacheSize=
#   JVM is running with Unscaled Compressed Oops mode in which the Java heap is
#     placed in the first 4GB address space. The Java Heap base address is the
#     maximum limit for the native heap growth. Please use -XX:HeapBaseMinAddress
#     to set the Java Heap base and to place the Java Heap above 4GB virtual address.
# This output file may be truncated or incomplete.
#
#  Out of Memory Error (allocation.cpp:389), pid=10468, tid=0x0000000000002d7c
#
# JRE version: OpenJDK Runtime Environment (8.0_212-b04) (build 1.8.0_212-release-1586-b04)
# Java VM: OpenJDK 64-Bit Server VM (25.212-b04 mixed mode windows-amd64 compressed oops)
# Failed to write core dump. Minidumps are not enabled by default on client versions of Windows
#

---------------  T H R E A D  ---------------

Current thread (0x00000000182d1000):  JavaThread "C2 CompilerThread1" daemon [_thread_in_native, id=11644, stack(0x0000000018ca0000,0x0000000018da0000)]

Stack: [0x0000000018ca0000,0x0000000018da0000]
[error occurred during error reporting (printing stack bounds), id 0xc0000005]

Native frames: (J=compiled Java code, j=interpreted, Vv=VM code, C=native code)


Current CompileTask:
C2:1031373 13833       4       java.util.TimSort::sort (229 bytes)


---------------  P R O C E S S  ---------------

Java Threads: ( => current thread )
  0x0000000021f5d800 JavaThread "Cache worker for Java compile cache (C:\Users\hp\AndroidStudioProjects\Block8\.gradle\5.6.4\javaCompile)" [_thread_blocked, id=11760, stack(0x000000002caa0000,0x000000002cba0000)]
  0x0000000021f5f000 JavaThread "Cache worker for Java compile cache (C:\Users\hp\.gradle\caches\5.6.4\javaCompile)" [_thread_blocked, id=13720, stack(0x0000000028f50000,0x0000000029050000)]
  0x0000000021f5e000 JavaThread "stdout" [_thread_in_native, id=13576, stack(0x0000000028e50000,0x0000000028f50000)]
  0x0000000021f5c800 JavaThread "stderr" [_thread_in_native, id=5976, stack(0x0000000028d50000,0x0000000028e50000)]
  0x000000001d299800 JavaThread "stdout" [_thread_in_native, id=10212, stack(0x0000000028c50000,0x0000000028d50000)]
  0x000000001d298800 JavaThread "stderr" [_thread_in_native, id=14072, stack(0x0000000028910000,0x0000000028a10000)]
  0x000000001d298000 JavaThread "stdout" [_thread_in_native, id=14580, stack(0x0000000029170000,0x0000000029270000)]
  0x000000001d290800 JavaThread "stderr" [_thread_in_native, id=14600, stack(0x0000000029070000,0x0000000029170000)]
  0x000000001d297000 JavaThread "stdout" [_thread_in_native, id=1772, stack(0x0000000028b50000,0x0000000028c50000)]
  0x000000001d28f800 JavaThread "stderr" [_thread_in_native, id=9544, stack(0x0000000028a50000,0x0000000028b50000)]
  0x000000001d296800 JavaThread "stdout" [_thread_in_native, id=3712, stack(0x0000000028810000,0x0000000028910000)]
  0x000000001d295000 JavaThread "stderr" [_thread_in_native, id=12776, stack(0x0000000028710000,0x0000000028810000)]
  0x000000001d295800 JavaThread "stdout" [_thread_in_native, id=14948, stack(0x0000000028610000,0x0000000028710000)]
  0x000000001d294000 JavaThread "stderr" [_thread_in_native, id=16332, stack(0x0000000028510000,0x0000000028610000)]
  0x000000001d28e000 JavaThread "stdout" [_thread_in_native, id=15340, stack(0x0000000028410000,0x0000000028510000)]
  0x000000001d28f000 JavaThread "stderr" [_thread_in_native, id=4184, stack(0x0000000028310000,0x0000000028410000)]
  0x000000001d28d800 JavaThread "stdout" [_thread_in_native, id=15400, stack(0x0000000028210000,0x0000000028310000)]
  0x000000001d28c800 JavaThread "stderr" [_thread_in_native, id=14968, stack(0x0000000028110000,0x0000000028210000)]
  0x000000001d291000 JavaThread "pool-4-thread-1" [_thread_blocked, id=12868, stack(0x0000000028010000,0x0000000028110000)]
  0x000000001d292000 JavaThread "MarlinRenderer Disposer" daemon [_thread_blocked, id=16204, stack(0x0000000027f10000,0x0000000028010000)]
  0x000000001d292800 JavaThread "Java2D Disposer" daemon [_thread_blocked, id=15856, stack(0x0000000027c00000,0x0000000027d00000)]
  0x000000001d28a800 JavaThread "WorkerExecutor Queue Thread 8" [_thread_blocked, id=10328, stack(0x0000000027800000,0x0000000027900000)]
  0x000000001d28b000 JavaThread "WorkerExecutor Queue Thread 7" [_thread_blocked, id=4640, stack(0x0000000027700000,0x0000000027800000)]
  0x000000001b2f7800 JavaThread "WorkerExecutor Queue Thread 6" [_thread_blocked, id=4564, stack(0x0000000027600000,0x0000000027700000)]
  0x000000001b2ef800 JavaThread "WorkerExecutor Queue Thread 5" [_thread_blocked, id=10976, stack(0x0000000027500000,0x0000000027600000)]
  0x000000001b2f5800 JavaThread "WorkerExecutor Queue Thread 4" [_thread_blocked, id=15828, stack(0x0000000027400000,0x0000000027500000)]
  0x000000001b2f4000 JavaThread "WorkerExecutor Queue Thread 3" [_thread_blocked, id=13796, stack(0x0000000027300000,0x0000000027400000)]
  0x000000001b2f6800 JavaThread "WorkerExecutor Queue Thread 2" [_thread_blocked, id=2852, stack(0x0000000026cc0000,0x0000000026dc0000)]
  0x000000001b2f3800 JavaThread "WorkerExecutor Queue" [_thread_blocked, id=16088, stack(0x0000000026e10000,0x0000000026f10000)]
  0x000000001b2ec000 JavaThread "Cache worker for execution history cache (C:\Users\hp\AndroidStudioProjects\Block8\.gradle\5.6.4\executionHistory)" [_thread_blocked, id=10332, stack(0x0000000027000000,0x0000000027100000)]
  0x000000001b2f0800 JavaThread "Execution worker for ':' Thread 7" [_thread_blocked, id=16084, stack(0x0000000026bc0000,0x0000000026cc0000)]
  0x000000001b2f2800 JavaThread "Execution worker for ':' Thread 6" [_thread_blocked, id=14620, stack(0x0000000026ac0000,0x0000000026bc0000)]
  0x000000001b2eb000 JavaThread "Execution worker for ':' Thread 5" [_thread_blocked, id=9616, stack(0x00000000269c0000,0x0000000026ac0000)]
  0x000000001b2ee000 JavaThread "Execution worker for ':' Thread 4" [_thread_blocked, id=11376, stack(0x00000000268c0000,0x00000000269c0000)]
  0x000000001b2f1000 JavaThread "Execution worker for ':' Thread 3" [_thread_blocked, id=14404, stack(0x00000000267c0000,0x00000000268c0000)]
  0x000000001b2ef000 JavaThread "Execution worker for ':' Thread 2" [_thread_blocked, id=12848, stack(0x00000000266c0000,0x00000000267c0000)]
  0x000000001b2f2000 JavaThread "Execution worker for ':'" [_thread_in_Java, id=14388, stack(0x0000000024620000,0x0000000024720000)]
  0x000000001b2e8000 JavaThread "Cache worker for file content cache (C:\Users\hp\AndroidStudioProjects\Block8\.gradle\5.6.4\fileContent)" [_thread_blocked, id=15280, stack(0x0000000023960000,0x0000000023a60000)]
  0x000000001b2ea800 JavaThread "Cache worker for file content cache (C:\Users\hp\.gradle\caches\5.6.4\fileContent)" [_thread_blocked, id=2412, stack(0x0000000023260000,0x0000000023360000)]
  0x000000001b2e9800 JavaThread "Cache worker for Build Output Cleanup Cache (C:\Users\hp\AndroidStudioProjects\Block8\.gradle\buildOutputCleanup)" [_thread_in_native, id=14436, stack(0x0000000023160000,0x0000000023260000)]
  0x000000001b2e9000 JavaThread "Build operations Thread 8" [_thread_blocked, id=10604, stack(0x0000000023060000,0x0000000023160000)]
  0x000000001b2ed800 JavaThread "Build operations Thread 7" [_thread_blocked, id=9860, stack(0x0000000022f60000,0x0000000023060000)]
  0x000000001abf1000 JavaThread "Build operations Thread 6" [_thread_blocked, id=3020, stack(0x0000000022e60000,0x0000000022f60000)]
  0x000000001abf1800 JavaThread "Build operations Thread 5" [_thread_blocked, id=10216, stack(0x0000000022ae0000,0x0000000022be0000)]
  0x000000001abf0000 JavaThread "Build operations Thread 4" [_thread_blocked, id=2936, stack(0x0000000022780000,0x0000000022880000)]
  0x000000001e2ab800 JavaThread "Build operations Thread 3" [_thread_blocked, id=3656, stack(0x0000000022680000,0x0000000022780000)]
  0x000000001e2ac800 JavaThread "Build operations Thread 2" [_thread_blocked, id=2240, stack(0x000000001f860000,0x000000001f960000)]
  0x000000001e2ab000 JavaThread "Build operations" [_thread_blocked, id=11712, stack(0x000000001f760000,0x000000001f860000)]
  0x000000001e2a1000 JavaThread "Cache worker for cache directory md-rule (C:\Users\hp\.gradle\caches\5.6.4\md-rule)" [_thread_blocked, id=12968, stack(0x000000001f660000,0x000000001f760000)]
  0x000000001e29f800 JavaThread "Cache worker for cache directory md-supplier (C:\Users\hp\.gradle\caches\5.6.4\md-supplier)" [_thread_blocked, id=232, stack(0x000000001f560000,0x000000001f660000)]
  0x000000001e2a0800 JavaThread "Cache worker for file hash cache (C:\Users\hp\AndroidStudioProjects\Block8\.gradle\5.6.4\fileHashes)" [_thread_blocked, id=13212, stack(0x000000001c8c0000,0x000000001c9c0000)]
  0x000000001e2a6800 JavaThread "Thread-32" [_thread_blocked, id=14820, stack(0x000000001c7c0000,0x000000001c8c0000)]
  0x000000001e29f000 JavaThread "Stdin handler" [_thread_blocked, id=14264, stack(0x000000001c6c0000,0x000000001c7c0000)]
  0x000000001e2a5000 JavaThread "Asynchronous log dispatcher for DefaultDaemonConnection: socket connection from /127.0.0.1:51176 to /127.0.0.1:51198" [_thread_blocked, id=9940, stack(0x000000001c3c0000,0x000000001c4c0000)]
  0x000000001e29e000 JavaThread "Daemon worker Thread 2" [_thread_blocked, id=13388, stack(0x000000001c2c0000,0x000000001c3c0000)]
  0x000000001e29d800 JavaThread "Cancel handler" [_thread_blocked, id=11956, stack(0x0000000000ac0000,0x0000000000bc0000)]
  0x000000001e2a3800 JavaThread "Handler for socket connection from /127.0.0.1:51176 to /127.0.0.1:51198" [_thread_in_native, id=15500, stack(0x00000000009c0000,0x0000000000ac0000)]
  0x000000001e2a2800 JavaThread "Daemon Thread 2" [_thread_blocked, id=13760, stack(0x00000000008c0000,0x00000000009c0000)]
  0x000000001e2a7000 JavaThread "Memory manager" [_thread_blocked, id=10800, stack(0x0000000023a90000,0x0000000023b90000)]
  0x000000001e2a2000 JavaThread "Cache worker for execution history cache (C:\Users\hp\.gradle\caches\5.6.4\executionHistory)" [_thread_blocked, id=9976, stack(0x0000000020fb0000,0x00000000210b0000)]
  0x000000001abee000 JavaThread "Cache worker for journal cache (C:\Users\hp\.gradle\caches\journal-1)" [_thread_blocked, id=10896, stack(0x000000001d0c0000,0x000000001d1c0000)]
  0x000000001abf5000 JavaThread "File lock request listener" [_thread_in_native, id=6216, stack(0x000000001cfc0000,0x000000001d0c0000)]
  0x000000001ac8b800 JavaThread "Cache worker for file hash cache (C:\Users\hp\.gradle\caches\5.6.4\fileHashes)" [_thread_blocked, id=440, stack(0x000000001cec0000,0x000000001cfc0000)]
  0x000000001ab15800 JavaThread "Daemon periodic checks" [_thread_blocked, id=10644, stack(0x000000001c1c0000,0x000000001c2c0000)]
  0x000000001aac5800 JavaThread "Incoming local TCP Connector on port 51176" [_thread_in_native, id=2760, stack(0x000000001bf80000,0x000000001c080000)]
  0x0000000019232000 JavaThread "Daemon health stats" [_thread_blocked, id=140, stack(0x000000001b940000,0x000000001ba40000)]
  0x00000000182e5800 JavaThread "Service Thread" daemon [_thread_blocked, id=16076, stack(0x0000000018fa0000,0x00000000190a0000)]
  0x00000000164cc000 JavaThread "C1 CompilerThread3" daemon [_thread_blocked, id=14748, stack(0x0000000018ea0000,0x0000000018fa0000)]
  0x00000000182d4000 JavaThread "C2 CompilerThread2" daemon [_thread_blocked, id=2656, stack(0x0000000018da0000,0x0000000018ea0000)]
=>0x00000000182d1000 JavaThread "C2 CompilerThread1" daemon [_thread_in_native, id=11644, stack(0x0000000018ca0000,0x0000000018da0000)]
  0x00000000182cd800 JavaThread "C2 CompilerThread0" daemon [_thread_in_native, id=5552, stack(0x0000000018ba0000,0x0000000018ca0000)]
  0x00000000182cc800 JavaThread "Attach Listener" daemon [_thread_blocked, id=3252, stack(0x0000000018aa0000,0x0000000018ba0000)]
  0x00000000182d6800 JavaThread "Signal Dispatcher" daemon [_thread_blocked, id=15836, stack(0x00000000189a0000,0x0000000018aa0000)]
  0x000000000268d800 JavaThread "Finalizer" daemon [_thread_blocked, id=15100, stack(0x00000000187a0000,0x00000000188a0000)]
  0x00000000164bc800 JavaThread "Reference Handler" daemon [_thread_blocked, id=15332, stack(0x00000000186a0000,0x00000000187a0000)]
  0x00000000026fd800 JavaThread "main" [_thread_blocked, id=1072, stack(0x0000000002460000,0x0000000002560000)]

Other Threads:
  0x00000000164b7800 VMThread [stack: 0x00000000181a0000,0x00000000182a0000] [id=14160]
  0x00000000182e6800 WatcherThread [stack: 0x00000000190a0000,0x00000000191a0000] [id=3164]

VM state:not at safepoint (normal execution)

VM Mutex/Monitor currently owned by a thread: None

heap address: 0x00000000a0000000, size: 1536 MB, Compressed Oops mode: 32-bit
Narrow klass base: 0x0000000000000000, Narrow klass shift: 3
Compressed class space size: 1073741824 Address: 0x0000000100000000

Heap:
 PSYoungGen      total 472064K, used 28318K [0x00000000e0000000, 0x0000000100000000, 0x0000000100000000)
  eden space 439296K, 6% used [0x00000000e0000000,0x00000000e1ba7bc8,0x00000000fad00000)
  from space 32768K, 0% used [0x00000000fe000000,0x00000000fe000000,0x0000000100000000)
  to   space 42496K, 0% used [0x00000000fad00000,0x00000000fad00000,0x00000000fd680000)
 ParOldGen       total 166400K, used 59506K [0x00000000a0000000, 0x00000000aa280000, 0x00000000e0000000)
  object space 166400K, 35% used [0x00000000a0000000,0x00000000a3a1c840,0x00000000aa280000)
 Metaspace       used 93943K, capacity 97972K, committed 99968K, reserved 1136640K
  class space    used 12316K, capacity 13174K, committed 13696K, reserved 1048576K

Card table byte_map: [0x0000000011ac0000,0x0000000011dd0000] byte_map_base: 0x00000000115c0000

Marking Bits: (ParMarkBitMap*) 0x000000005ae99f30
 Begin Bits: [0x00000000127d0000, 0x0000000013fd0000)
 End Bits:   [0x0000000013fd0000, 0x00000000157d0000)

Polling page: 0x00000000007a0000

CodeCache: size=245760Kb used=36896Kb max_used=37363Kb free=208863Kb
 bounds [0x0000000002700000, 0x0000000004bd0000, 0x0000000011700000]
 total_blobs=12733 nmethods=11728 adapters=917
 compilation: enabled

Compilation events (10 events):
Event: 1031.353 Thread 0x00000000164cc000 nmethod 13688 0x000000000382e6d0 code [0x000000000382e820, 0x000000000382e930]
Event: 1031.353 Thread 0x00000000164cc000 13690       1       com.android.tools.r8.u.b.k0::E1 (2 bytes)
Event: 1031.353 Thread 0x00000000164cc000 nmethod 13690 0x000000000382c910 code [0x000000000382ca60, 0x000000000382cb70]
Event: 1031.353 Thread 0x00000000164cc000 13467       1       com.android.tools.r8.u.b.X0::v2 (3 bytes)
Event: 1031.353 Thread 0x00000000164cc000 nmethod 13467 0x000000000382ad50 code [0x000000000382aea0, 0x000000000382afb0]
Event: 1031.353 Thread 0x00000000182d4000 nmethod 13923 0x000000000382a690 code [0x000000000382a7e0, 0x000000000382a9c8]
Event: 1031.353 Thread 0x00000000182d4000 13925       4       java.util.stream.AbstractPipeline::<init> (55 bytes)
Event: 1031.354 Thread 0x00000000182d4000 nmethod 13925 0x00000000035b8c10 code [0x00000000035b8d40, 0x00000000035b8dd8]
Event: 1031.354 Thread 0x00000000182d4000 13926       4       java.util.stream.AbstractPipeline::sourceSpliterator (265 bytes)
Event: 1031.355 Thread 0x00000000182d4000 nmethod 13926 0x000000000382a390 code [0x000000000382a4c0, 0x000000000382a5b8]

GC Heap History (10 events):
Event: 8.440 GC heap before
{Heap before GC invocations=12 (full 3):
 PSYoungGen      total 470016K, used 18520K [0x00000000e0000000, 0x0000000100000000, 0x0000000100000000)
  eden space 446464K, 0% used [0x00000000e0000000,0x00000000e0000000,0x00000000fb400000)
  from space 23552K, 78% used [0x00000000fb400000,0x00000000fc616260,0x00000000fcb00000)
  to   space 25088K, 0% used [0x00000000fe780000,0x00000000fe780000,0x0000000100000000)
 ParOldGen       total 77312K, used 26303K [0x00000000a0000000, 0x00000000a4b80000, 0x00000000e0000000)
  object space 77312K, 34% used [0x00000000a0000000,0x00000000a19afc70,0x00000000a4b80000)
 Metaspace       used 56947K, capacity 58894K, committed 59136K, reserved 1099776K
  class space    used 7701K, capacity 8174K, committed 8192K, reserved 1048576K
Event: 8.609 GC heap after
Heap after GC invocations=12 (full 3):
 PSYoungGen      total 470016K, used 0K [0x00000000e0000000, 0x0000000100000000, 0x0000000100000000)
  eden space 446464K, 0% used [0x00000000e0000000,0x00000000e0000000,0x00000000fb400000)
  from space 23552K, 0% used [0x00000000fb400000,0x00000000fb400000,0x00000000fcb00000)
  to   space 25088K, 0% used [0x00000000fe780000,0x00000000fe780000,0x0000000100000000)
 ParOldGen       total 116224K, used 31629K [0x00000000a0000000, 0x00000000a7180000, 0x00000000e0000000)
  object space 116224K, 27% used [0x00000000a0000000,0x00000000a1ee3598,0x00000000a7180000)
 Metaspace       used 56914K, capacity 58780K, committed 59136K, reserved 1099776K
  class space    used 7690K, capacity 8155K, committed 8192K, reserved 1048576K
}
Event: 1020.525 GC heap before
{Heap before GC invocations=13 (full 3):
 PSYoungGen      total 470016K, used 446464K [0x00000000e0000000, 0x0000000100000000, 0x0000000100000000)
  eden space 446464K, 100% used [0x00000000e0000000,0x00000000fb400000,0x00000000fb400000)
  from space 23552K, 0% used [0x00000000fb400000,0x00000000fb400000,0x00000000fcb00000)
  to   space 25088K, 0% used [0x00000000fe780000,0x00000000fe780000,0x0000000100000000)
 ParOldGen       total 116224K, used 31629K [0x00000000a0000000, 0x00000000a7180000, 0x00000000e0000000)
  object space 116224K, 27% used [0x00000000a0000000,0x00000000a1ee3598,0x00000000a7180000)
 Metaspace       used 74960K, capacity 78874K, committed 79232K, reserved 1118208K
  class space    used 10029K, capacity 10815K, committed 10880K, reserved 1048576K
Event: 1020.574 GC heap after
Heap after GC invocations=13 (full 3):
 PSYoungGen      total 483840K, used 25063K [0x00000000e0000000, 0x0000000100000000, 0x0000000100000000)
  eden space 458752K, 0% used [0x00000000e0000000,0x00000000e0000000,0x00000000fc000000)
  from space 25088K, 99% used [0x00000000fe780000,0x00000000ffff9d70,0x0000000100000000)
  to   space 32768K, 0% used [0x00000000fc000000,0x00000000fc000000,0x00000000fe000000)
 ParOldGen       total 116224K, used 42037K [0x00000000a0000000, 0x00000000a7180000, 0x00000000e0000000)
  object space 116224K, 36% used [0x00000000a0000000,0x00000000a290d770,0x00000000a7180000)
 Metaspace       used 74960K, capacity 78874K, committed 79232K, reserved 1118208K
  class space    used 10029K, capacity 10815K, committed 10880K, reserved 1048576K
}
Event: 1030.689 GC heap before
{Heap before GC invocations=14 (full 3):
 PSYoungGen      total 483840K, used 479414K [0x00000000e0000000, 0x0000000100000000, 0x0000000100000000)
  eden space 458752K, 99% used [0x00000000e0000000,0x00000000fbbb3bd0,0x00000000fc000000)
  from space 25088K, 99% used [0x00000000fe780000,0x00000000ffff9d70,0x0000000100000000)
  to   space 32768K, 0% used [0x00000000fc000000,0x00000000fc000000,0x00000000fe000000)
 ParOldGen       total 116224K, used 42037K [0x00000000a0000000, 0x00000000a7180000, 0x00000000e0000000)
  object space 116224K, 36% used [0x00000000a0000000,0x00000000a290d770,0x00000000a7180000)
 Metaspace       used 93337K, capacity 98490K, committed 98688K, reserved 1134592K
  class space    used 12420K, capacity 13453K, committed 13568K, reserved 1048576K
Event: 1030.746 GC heap after
Heap after GC invocations=14 (full 3):
 PSYoungGen      total 491520K, used 32760K [0x00000000e0000000, 0x0000000100000000, 0x0000000100000000)
  eden space 458752K, 0% used [0x00000000e0000000,0x00000000e0000000,0x00000000fc000000)
  from space 32768K, 99% used [0x00000000fc000000,0x00000000fdffe318,0x00000000fe000000)
  to   space 32768K, 0% used [0x00000000fe000000,0x00000000fe000000,0x0000000100000000)
 ParOldGen       total 116224K, used 59127K [0x00000000a0000000, 0x00000000a7180000, 0x00000000e0000000)
  object space 116224K, 50% used [0x00000000a0000000,0x00000000a39bdd10,0x00000000a7180000)
 Metaspace       used 93337K, capacity 98490K, committed 98688K, reserved 1134592K
  class space    used 12420K, capacity 13453K, committed 13568K, reserved 1048576K
}
Event: 1030.789 GC heap before
{Heap before GC invocations=15 (full 3):
 PSYoungGen      total 491520K, used 43667K [0x00000000e0000000, 0x0000000100000000, 0x0000000100000000)
  eden space 458752K, 2% used [0x00000000e0000000,0x00000000e0aa6928,0x00000000fc000000)
  from space 32768K, 99% used [0x00000000fc000000,0x00000000fdffe318,0x00000000fe000000)
  to   space 32768K, 0% used [0x00000000fe000000,0x00000000fe000000,0x0000000100000000)
 ParOldGen       total 116224K, used 59127K [0x00000000a0000000, 0x00000000a7180000, 0x00000000e0000000)
  object space 116224K, 50% used [0x00000000a0000000,0x00000000a39bdd10,0x00000000a7180000)
 Metaspace       used 93684K, capacity 98778K, committed 98892K, reserved 1134592K
  class space    used 12453K, capacity 13459K, committed 13568K, reserved 1048576K
Event: 1030.808 GC heap after
Heap after GC invocations=15 (full 3):
 PSYoungGen      total 472064K, used 12736K [0x00000000e0000000, 0x0000000100000000, 0x0000000100000000)
  eden space 439296K, 0% used [0x00000000e0000000,0x00000000e0000000,0x00000000fad00000)
  from space 32768K, 38% used [0x00000000fe000000,0x00000000fec703e8,0x0000000100000000)
  to   space 42496K, 0% used [0x00000000fad00000,0x00000000fad00000,0x00000000fd680000)
 ParOldGen       total 116224K, used 79427K [0x00000000a0000000, 0x00000000a7180000, 0x00000000e0000000)
  object space 116224K, 68% used [0x00000000a0000000,0x00000000a4d90ff8,0x00000000a7180000)
 Metaspace       used 93684K, capacity 98778K, committed 98892K, reserved 1134592K
  class space    used 12453K, capacity 13459K, committed 13568K, reserved 1048576K
}
Event: 1030.808 GC heap before
{Heap before GC invocations=16 (full 4):
 PSYoungGen      total 472064K, used 12736K [0x00000000e0000000, 0x0000000100000000, 0x0000000100000000)
  eden space 439296K, 0% used [0x00000000e0000000,0x00000000e0000000,0x00000000fad00000)
  from space 32768K, 38% used [0x00000000fe000000,0x00000000fec703e8,0x0000000100000000)
  to   space 42496K, 0% used [0x00000000fad00000,0x00000000fad00000,0x00000000fd680000)
 ParOldGen       total 116224K, used 79427K [0x00000000a0000000, 0x00000000a7180000, 0x00000000e0000000)
  object space 116224K, 68% used [0x00000000a0000000,0x00000000a4d90ff8,0x00000000a7180000)
 Metaspace       used 93684K, capacity 98778K, committed 98892K, reserved 1134592K
  class space    used 12453K, capacity 13459K, committed 13568K, reserved 1048576K
Event: 1031.172 GC heap after
Heap after GC invocations=16 (full 4):
 PSYoungGen      total 472064K, used 0K [0x00000000e0000000, 0x0000000100000000, 0x0000000100000000)
  eden space 439296K, 0% used [0x00000000e0000000,0x00000000e0000000,0x00000000fad00000)
  from space 32768K, 0% used [0x00000000fe000000,0x00000000fe000000,0x0000000100000000)
  to   space 42496K, 0% used [0x00000000fad00000,0x00000000fad00000,0x00000000fd680000)
 ParOldGen       total 166400K, used 59506K [0x00000000a0000000, 0x00000000aa280000, 0x00000000e0000000)
  object space 166400K, 35% used [0x00000000a0000000,0x00000000a3a1c840,0x00000000aa280000)
 Metaspace       used 92868K, capacity 96524K, committed 98892K, reserved 1134592K
  class space    used 12177K, capacity 12972K, committed 13568K, reserved 1048576K
}

Deoptimization events (10 events):
Event: 1031.306 Thread 0x000000001b2f6800 Uncommon trap: reason=class_check action=maybe_recompile pc=0x000000000452a610 method=java.util.stream.ReferencePipeline.forEachWithCancel(Ljava/util/Spliterator;Ljava/util/stream/Sink;)V @ 1
Event: 1031.315 Thread 0x000000001b2f3800 Uncommon trap: reason=class_check action=maybe_recompile pc=0x000000000452a610 method=java.util.stream.ReferencePipeline.forEachWithCancel(Ljava/util/Spliterator;Ljava/util/stream/Sink;)V @ 1
Event: 1031.323 Thread 0x000000001b2f6800 Uncommon trap: reason=array_check action=maybe_recompile pc=0x0000000004077e90 method=java.util.TimSort.binarySort([Ljava/lang/Object;IIILjava/util/Comparator;)V @ 193
Event: 1031.323 Thread 0x000000001b2f6800 Uncommon trap: reason=array_check action=maybe_recompile pc=0x0000000004077e90 method=java.util.TimSort.binarySort([Ljava/lang/Object;IIILjava/util/Comparator;)V @ 193
Event: 1031.323 Thread 0x000000001b2f6800 Uncommon trap: reason=array_check action=maybe_recompile pc=0x0000000004077e90 method=java.util.TimSort.binarySort([Ljava/lang/Object;IIILjava/util/Comparator;)V @ 193
Event: 1031.323 Thread 0x000000001b2f6800 Uncommon trap: reason=array_check action=maybe_recompile pc=0x0000000004077e90 method=java.util.TimSort.binarySort([Ljava/lang/Object;IIILjava/util/Comparator;)V @ 193
Event: 1031.323 Thread 0x000000001b2f6800 Uncommon trap: reason=array_check action=maybe_recompile pc=0x00000000045cda44 method=java.util.TimSort.binarySort([Ljava/lang/Object;IIILjava/util/Comparator;)V @ 215
Event: 1031.333 Thread 0x000000001b2f3800 Uncommon trap: reason=array_check action=maybe_recompile pc=0x000000000441ec58 method=java.util.TimSort.binarySort([Ljava/lang/Object;IIILjava/util/Comparator;)V @ 183
Event: 1031.333 Thread 0x000000001b2f3800 Uncommon trap: reason=array_check action=maybe_recompile pc=0x000000000441ec58 method=java.util.TimSort.binarySort([Ljava/lang/Object;IIILjava/util/Comparator;)V @ 183
Event: 1031.333 Thread 0x000000001b2f3800 Uncommon trap: reason=array_check action=maybe_recompile pc=0x00000000045cdbe8 method=java.util.TimSort.binarySort([Ljava/lang/Object;IIILjava/util/Comparator;)V @ 183

Classes redefined (0 events):
No events

Internal exceptions (10 events):
Event: 1030.643 Thread 0x000000001d28b000 Exception <a 'java/lang/NoSuchMethodError': java.lang.Object.lambda$maxBy$1(Ljava/util/Comparator;Ljava/lang/Object;Ljava/lang/Object;)Ljava/lang/Object;> (0x00000000fb7fe3d8) thrown at [D:\src\AOSP-openjdk-cygwin\jdk8u\hotspot\src\share\vm\interpreter\li
Event: 1030.643 Thread 0x000000001b2ef800 Exception <a 'java/lang/NoSuchMethodError': java.lang.Object.lambda$maxBy$1(Ljava/util/Comparator;Ljava/lang/Object;Ljava/lang/Object;)Ljava/lang/Object;> (0x00000000fb7ae070) thrown at [D:\src\AOSP-openjdk-cygwin\jdk8u\hotspot\src\share\vm\interpreter\li
Event: 1030.643 Thread 0x000000001b2f7800 Exception <a 'java/lang/NoSuchMethodError': java.lang.Object.lambda$maxBy$1(Ljava/util/Comparator;Ljava/lang/Object;Ljava/lang/Object;)Ljava/lang/Object;> (0x00000000fb70ab98) thrown at [D:\src\AOSP-openjdk-cygwin\jdk8u\hotspot\src\share\vm\interpreter\li
Event: 1031.279 Thread 0x000000001d28b000 Exception <a 'sun/nio/fs/WindowsException'> (0x00000000e0f8a9a0) thrown at [D:\src\AOSP-openjdk-cygwin\jdk8u\hotspot\src\share\vm\prims\jni.cpp, line 710]
Event: 1031.279 Thread 0x000000001d28b000 Exception <a 'sun/nio/fs/WindowsException'> (0x00000000e0f8b3d0) thrown at [D:\src\AOSP-openjdk-cygwin\jdk8u\hotspot\src\share\vm\prims\jni.cpp, line 710]
Event: 1031.279 Thread 0x000000001d28b000 Exception <a 'sun/nio/fs/WindowsException'> (0x00000000e0f8b900) thrown at [D:\src\AOSP-openjdk-cygwin\jdk8u\hotspot\src\share\vm\prims\jni.cpp, line 710]
Event: 1031.279 Thread 0x000000001d28b000 Exception <a 'sun/nio/fs/WindowsException'> (0x00000000e0f8c708) thrown at [D:\src\AOSP-openjdk-cygwin\jdk8u\hotspot\src\share\vm\prims\jni.cpp, line 710]
Event: 1031.279 Thread 0x000000001d28b000 Exception <a 'sun/nio/fs/WindowsException'> (0x00000000e0f8cc28) thrown at [D:\src\AOSP-openjdk-cygwin\jdk8u\hotspot\src\share\vm\prims\jni.cpp, line 710]
Event: 1031.280 Thread 0x000000001d28b000 Exception <a 'sun/nio/fs/WindowsException'> (0x00000000e0f8da20) thrown at [D:\src\AOSP-openjdk-cygwin\jdk8u\hotspot\src\share\vm\prims\jni.cpp, line 710]
Event: 1031.285 Thread 0x000000001d28b000 Exception <a 'sun/nio/fs/WindowsException'> (0x00000000e1085a60) thrown at [D:\src\AOSP-openjdk-cygwin\jdk8u\hotspot\src\share\vm\prims\jni.cpp, line 710]

Events (10 events):
Event: 1031.323 Thread 0x000000001b2f6800 DEOPT UNPACKING pc=0x000000000274557b sp=0x0000000026dbde80 mode 2
Event: 1031.333 Thread 0x000000001b2f3800 Uncommon trap: trap_request=0xffffffd6 fr.pc=0x000000000441ec58
Event: 1031.333 Thread 0x000000001b2f3800 DEOPT PACKING pc=0x000000000441ec58 sp=0x0000000026f0dd50
Event: 1031.333 Thread 0x000000001b2f3800 DEOPT UNPACKING pc=0x000000000274557b sp=0x0000000026f0dcf0 mode 2
Event: 1031.333 Thread 0x000000001b2f3800 Uncommon trap: trap_request=0xffffffd6 fr.pc=0x000000000441ec58
Event: 1031.333 Thread 0x000000001b2f3800 DEOPT PACKING pc=0x000000000441ec58 sp=0x0000000026f0dd50
Event: 1031.333 Thread 0x000000001b2f3800 DEOPT UNPACKING pc=0x000000000274557b sp=0x0000000026f0dcf0 mode 2
Event: 1031.333 Thread 0x000000001b2f3800 Uncommon trap: trap_request=0xffffffd6 fr.pc=0x00000000045cdbe8
Event: 1031.333 Thread 0x000000001b2f3800 DEOPT PACKING pc=0x00000000045cdbe8 sp=0x0000000026f0dd50
Event: 1031.333 Thread 0x000000001b2f3800 DEOPT UNPACKING pc=0x000000000274557b sp=0x0000000026f0dcf0 mode 2


Dynamic libraries:
0x00007ff73eb30000 - 0x00007ff73eb61000 	C:\Program Files\Android\Android Studio\jre\bin\java.exe
0x00007ff929320000 - 0x00007ff929510000 	C:\windows\SYSTEM32\ntdll.dll
0x00007ff928090000 - 0x00007ff928142000 	C:\windows\System32\KERNEL32.DLL
0x00007ff927050000 - 0x00007ff9272f4000 	C:\windows\System32\KERNELBASE.dll
0x00007ff927b20000 - 0x00007ff927bc3000 	C:\windows\System32\ADVAPI32.dll
0x00007ff929240000 - 0x00007ff9292de000 	C:\windows\System32\msvcrt.dll
0x00007ff927d10000 - 0x00007ff927da7000 	C:\windows\System32\sechost.dll
0x00007ff927f70000 - 0x00007ff928090000 	C:\windows\System32\RPCRT4.dll
0x00007ff928ff0000 - 0x00007ff929184000 	C:\windows\System32\USER32.dll
0x00007ff9273a0000 - 0x00007ff9273c1000 	C:\windows\System32\win32u.dll
0x00007ff927530000 - 0x00007ff927556000 	C:\windows\System32\GDI32.dll
0x00007ff9265b0000 - 0x00007ff926744000 	C:\windows\System32\gdi32full.dll
0x00007ff927300000 - 0x00007ff92739e000 	C:\windows\System32\msvcp_win.dll
0x00007ff926750000 - 0x00007ff92684a000 	C:\windows\System32\ucrtbase.dll
0x00007ff90cac0000 - 0x00007ff90cd44000 	C:\windows\WinSxS\amd64_microsoft.windows.common-controls_6595b64144ccf1df_6.0.18362.815_none_e6c3b941130ffef4\COMCTL32.dll
0x00007ff928330000 - 0x00007ff928666000 	C:\windows\System32\combase.dll
0x00007ff9263e0000 - 0x00007ff926460000 	C:\windows\System32\bcryptPrimitives.dll
0x00007ff928150000 - 0x00007ff92817e000 	C:\windows\System32\IMM32.DLL
0x000000005a1d0000 - 0x000000005a2a2000 	C:\Program Files\Android\Android Studio\jre\jre\bin\msvcr100.dll
0x000000005a6d0000 - 0x000000005af16000 	C:\Program Files\Android\Android Studio\jre\jre\bin\server\jvm.dll
0x00007ff927e10000 - 0x00007ff927e18000 	C:\windows\System32\PSAPI.DLL
0x00007ff923ef0000 - 0x00007ff923f14000 	C:\windows\SYSTEM32\WINMM.dll
0x00007ff91f220000 - 0x00007ff91f229000 	C:\windows\SYSTEM32\WSOCK32.dll
0x00007ff9203c0000 - 0x00007ff9203ca000 	C:\windows\SYSTEM32\VERSION.dll
0x00007ff927c40000 - 0x00007ff927caf000 	C:\windows\System32\WS2_32.dll
0x00007ff923e80000 - 0x00007ff923ead000 	C:\windows\SYSTEM32\WINMMBASE.dll
0x00007ff9262b0000 - 0x00007ff9262fa000 	C:\windows\System32\cfgmgr32.dll
0x00007ff91f210000 - 0x00007ff91f21f000 	C:\Program Files\Android\Android Studio\jre\jre\bin\verify.dll
0x00007ff91f1e0000 - 0x00007ff91f209000 	C:\Program Files\Android\Android Studio\jre\jre\bin\java.dll
0x00007ff91f1c0000 - 0x00007ff91f1d6000 	C:\Program Files\Android\Android Studio\jre\jre\bin\zip.dll
0x00007ff928900000 - 0x00007ff928fe4000 	C:\windows\System32\SHELL32.dll
0x00007ff928850000 - 0x00007ff9288f9000 	C:\windows\System32\shcore.dll
0x00007ff9268d0000 - 0x00007ff92704d000 	C:\windows\System32\windows.storage.dll
0x00007ff9261f0000 - 0x00007ff926213000 	C:\windows\System32\profapi.dll
0x00007ff926260000 - 0x00007ff9262aa000 	C:\windows\System32\powrprof.dll
0x00007ff9261e0000 - 0x00007ff9261f0000 	C:\windows\System32\UMPDC.dll
0x00007ff927ab0000 - 0x00007ff927b02000 	C:\windows\System32\shlwapi.dll
0x00007ff926240000 - 0x00007ff926251000 	C:\windows\System32\kernel.appcore.dll
0x00007ff9268b0000 - 0x00007ff9268c7000 	C:\windows\System32\cryptsp.dll
0x00007ff91f1a0000 - 0x00007ff91f1ba000 	C:\Program Files\Android\Android Studio\jre\jre\bin\net.dll
0x00007ff90f320000 - 0x00007ff90f4f6000 	C:\windows\SYSTEM32\urlmon.dll
0x00007ff90fe20000 - 0x00007ff9100c6000 	C:\windows\SYSTEM32\iertutil.dll
0x00007ff925bc0000 - 0x00007ff925bcc000 	C:\windows\SYSTEM32\CRYPTBASE.DLL
0x00007ff9259f0000 - 0x00007ff925a57000 	C:\windows\system32\mswsock.dll
0x00007ff91f180000 - 0x00007ff91f193000 	C:\Program Files\Android\Android Studio\jre\jre\bin\nio.dll
0x00007ff912510000 - 0x00007ff912536000 	C:\Users\hp\.gradle\native\30\windows-amd64\native-platform.dll
0x00007ff91f170000 - 0x00007ff91f17d000 	C:\Program Files\Android\Android Studio\jre\jre\bin\management.dll
0x00007ff925560000 - 0x00007ff925593000 	C:\windows\system32\rsaenh.dll
0x00007ff926300000 - 0x00007ff926326000 	C:\windows\System32\bcrypt.dll
0x00007ff926100000 - 0x00007ff926125000 	C:\windows\SYSTEM32\USERENV.dll
0x00007ff925700000 - 0x00007ff92573a000 	C:\windows\SYSTEM32\IPHLPAPI.DLL
0x00007ff927b10000 - 0x00007ff927b18000 	C:\windows\System32\NSI.dll
0x00007ff91d220000 - 0x00007ff91d236000 	C:\windows\SYSTEM32\dhcpcsvc6.DLL
0x00007ff91d880000 - 0x00007ff91d89c000 	C:\windows\SYSTEM32\dhcpcsvc.DLL
0x00007ff925740000 - 0x00007ff92580b000 	C:\windows\SYSTEM32\DNSAPI.dll
0x00007ff8f5b90000 - 0x00007ff8f5d2c000 	C:\Program Files\Android\Android Studio\jre\jre\bin\awt.dll
0x00007ff927e20000 - 0x00007ff927ee4000 	C:\windows\System32\OLEAUT32.dll
0x00007ff9245e0000 - 0x00007ff92460d000 	C:\windows\SYSTEM32\dwmapi.dll
0x00007ff922ad0000 - 0x00007ff923090000 	C:\windows\SYSTEM32\d2d1.dll
0x00007ff924020000 - 0x00007ff9240af000 	C:\windows\SYSTEM32\apphelp.dll
0x00007ff9241c0000 - 0x00007ff924259000 	C:\windows\system32\uxtheme.dll

VM Arguments:
jvm_args: -Xmx1536m -Dfile.encoding=windows-1252 -Duser.country=IN -Duser.language=en -Duser.variant 
java_command: org.gradle.launcher.daemon.bootstrap.GradleDaemon 5.6.4
java_class_path (initial): C:\Users\hp\.gradle\wrapper\dists\gradle-5.6.4-all\ankdp27end7byghfw1q2sw75f\gradle-5.6.4\lib\gradle-launcher-5.6.4.jar
Launcher Type: SUN_STANDARD

Environment Variables:
PATH=C:\Program Files (x86)\Common Files\Oracle\Java\javapath;C:\ProgramData\Oracle\Java\javapath;C:\windows\system32;C:\windows;C:\windows\System32\Wbem;C:\windows\System32\WindowsPowerShell\v1.0\;C:\windows\System32\OpenSSH\;C:\MinGW\bin;C:\Program Files\Git\cmd;C:\Users\hp\AppData\Local\Programs\Python\Python37-32\Scripts\;C:\Users\hp\AppData\Local\Programs\Python\Python37-32\;C:\Users\hp\AppData\Local\Microsoft\WindowsApps;C:\Microsoft VS Code\bin;C:\Users\hp\Anaconda3\Library\bin\conda.bat;C:\Users\hp\Anaconda3\Scripts\conda.exe;
USERNAME=hp
OS=Windows_NT
PROCESSOR_IDENTIFIER=Intel64 Family 6 Model 142 Stepping 12, GenuineIntel



---------------  S Y S T E M  ---------------

OS: Windows 10.0 , 64 bit Build 18362 (10.0.18362.778)

CPU:total 8 (initial active 8) (4 cores per cpu, 2 threads per core) family 6 model 142 stepping 12, cmov, cx8, fxsr, mmx, sse, sse2, sse3, ssse3, sse4.1, sse4.2, popcnt, avx, avx2, aes, clmul, erms, 3dnowpref, lzcnt, ht, tsc, tscinvbit, bmi1, bmi2, adx

Memory: 4k page, physical 8272180k(502600k free), swap 33438004k(148k free)

vm_info: OpenJDK 64-Bit Server VM (25.212-b04) for windows-amd64 JRE (1.8.0_212-release-1586-b04), built by "builder" with MS VC++ 10.0 (VS2010)

time: Wed Apr 29 01:49:46 2020
timezone: India Standard Time
elapsed time: 1031 seconds (0d 0h 17m 11s)

